Using pre-set license
Built from '2020.3/staging' branch; Version is '2020.3.3f1 (76626098c1c4) revision 7758432'; Using compiler version '192528614'; Build Type 'Release'
OS: 'Windows 10 Home; OS build 19043.1348; Version 2009; 64bit' Language: 'pt' Physical Memory: 16310 MB
BatchMode: 1, IsHumanControllingUs: 0, StartBugReporterOnCrash: 0, Is64bit: 1, IsPro: 0

 COMMAND LINE ARGUMENTS:
C:\Program Files\Unity\Hub\Editor\2020.3.3f1\Editor\Unity.exe
-adb2
-batchMode
-noUpm
-name
AssetImportWorker0
-projectPath
D:/Projetos Unity/Projeto_Final
-logFile
Logs/AssetImportWorker0.log
-srvPort
57657
Successfully changed project path to: D:/Projetos Unity/Projeto_Final
D:/Projetos Unity/Projeto_Final
Using Asset Import Pipeline V2.
Refreshing native plugins compatible for Editor in 31.02 ms, found 3 plugins.
Preloading 0 native plugins for Editor in 0.00 ms.
Initialize engine version: 2020.3.3f1 (76626098c1c4)
[Subsystems] Discovering subsystems at path C:/Program Files/Unity/Hub/Editor/2020.3.3f1/Editor/Data/Resources/UnitySubsystems
[Subsystems] Discovering subsystems at path D:/Projetos Unity/Projeto_Final/Assets
GfxDevice: creating device client; threaded=0
Direct3D:
    Version:  Direct3D 11.0 [level 11.1]
    Renderer: Radeon (TM) RX 480 Graphics (ID=0x67df)
    Vendor:   
    VRAM:     4075 MB
    Driver:   30.0.13025.5005
Initialize mono
Mono path[0] = 'C:/Program Files/Unity/Hub/Editor/2020.3.3f1/Editor/Data/Managed'
Mono path[1] = 'C:/Program Files/Unity/Hub/Editor/2020.3.3f1/Editor/Data/MonoBleedingEdge/lib/mono/unityjit'
Mono config path = 'C:/Program Files/Unity/Hub/Editor/2020.3.3f1/Editor/Data/MonoBleedingEdge/etc'
Using monoOptions --debugger-agent=transport=dt_socket,embedding=1,server=y,suspend=n,address=127.0.0.1:56636
Begin MonoManager ReloadAssembly
Registering precompiled unity dll's ...
Register platform support module: C:/Program Files/Unity/Hub/Editor/2020.3.3f1/Editor/Data/PlaybackEngines/WindowsStandaloneSupport/UnityEditor.WindowsStandalone.Extensions.dll
Registered in 0.001380 seconds.
Native extension for WindowsStandalone target not found
Refreshing native plugins compatible for Editor in 31.53 ms, found 3 plugins.
Preloading 0 native plugins for Editor in 0.00 ms.
Invoked RoslynAnalysisRunner static constructor.
RoslynAnalysisRunner will not be running.
RoslynAnalysisRunner has terminated.
Mono: successfully reloaded assembly
- Completed reload, in  0.885 seconds
Platform modules already initialized, skipping
Registering precompiled user dll's ...
Registered in 0.001410 seconds.
Begin MonoManager ReloadAssembly
Native extension for WindowsStandalone target not found
Refreshing native plugins compatible for Editor in 31.43 ms, found 3 plugins.
Preloading 0 native plugins for Editor in 0.00 ms.
Invoked RoslynAnalysisRunner static constructor.
RoslynAnalysisRunner will not be running.
RoslynAnalysisRunner has terminated.
Mono: successfully reloaded assembly
- Completed reload, in  0.743 seconds
Platform modules already initialized, skipping
========================================================================
Worker process is ready to serve import requests
Launched and connected shader compiler UnityShaderCompiler.exe after 0.15 seconds
Refreshing native plugins compatible for Editor in 0.44 ms, found 3 plugins.
Preloading 0 native plugins for Editor in 0.00 ms.
Unloading 2267 Unused Serialized files (Serialized files now loaded: 0)
System memory in use before: 98.8 MB.
System memory in use after: 99.0 MB.

Unloading 27 unused Assets to reduce memory usage. Loaded Objects now: 2708.
Total: 2.199900 ms (FindLiveObjects: 0.245000 ms CreateObjectMapping: 0.077600 ms MarkObjects: 1.830800 ms  DeleteObjects: 0.045800 ms)

========================================================================
Received Import Request.
  path: Assets/Scripts/MonoBehaviour/Armas.cs
  artifactKey: Guid(62857b6359d38d942968ac0c5eaa16a5) Importer(815301076,1909f56bfc062723c751e8b465ee728b)
Start importing Assets/Scripts/MonoBehaviour/Armas.cs using Guid(62857b6359d38d942968ac0c5eaa16a5) Importer(815301076,1909f56bfc062723c751e8b465ee728b)  -> (artifact id: '9cb956ea1e186173299fb687aa338fc8') in 0.021413 seconds
  Import took 0.024027 seconds .

========================================================================
Received Import Request.
  Time since last request: 0.917493 seconds.
  path: Assets/Scripts/MonoBehaviour/Player.cs
  artifactKey: Guid(ea7ee5b6eae030b43ac1793839eca1b5) Importer(815301076,1909f56bfc062723c751e8b465ee728b)
Start importing Assets/Scripts/MonoBehaviour/Player.cs using Guid(ea7ee5b6eae030b43ac1793839eca1b5) Importer(815301076,1909f56bfc062723c751e8b465ee728b)  -> (artifact id: 'ab30c93d41726edb5164033c04dd4ec4') in 0.005107 seconds
  Import took 0.007683 seconds .

========================================================================
Received Import Request.
  Time since last request: 0.036265 seconds.
  path: Assets/Scripts/MonoBehaviour/Player.cs
  artifactKey: Guid(ea7ee5b6eae030b43ac1793839eca1b5) Importer(815301076,1909f56bfc062723c751e8b465ee728b)
Start importing Assets/Scripts/MonoBehaviour/Player.cs using Guid(ea7ee5b6eae030b43ac1793839eca1b5) Importer(815301076,1909f56bfc062723c751e8b465ee728b)  -> (artifact id: 'ab30c93d41726edb5164033c04dd4ec4') in 0.001889 seconds
  Import took 0.004049 seconds .

========================================================================
Received Prepare
Registering precompiled user dll's ...
Registered in 0.001394 seconds.
Begin MonoManager ReloadAssembly
Native extension for WindowsStandalone target not found
Refreshing native plugins compatible for Editor in 0.43 ms, found 3 plugins.
Preloading 0 native plugins for Editor in 0.00 ms.
Invoked RoslynAnalysisRunner static constructor.
RoslynAnalysisRunner will not be running.
RoslynAnalysisRunner has terminated.
Mono: successfully reloaded assembly
- Completed reload, in  0.692 seconds
Platform modules already initialized, skipping
Refreshing native plugins compatible for Editor in 0.26 ms, found 3 plugins.
Preloading 0 native plugins for Editor in 0.00 ms.
Unloading 2255 Unused Serialized files (Serialized files now loaded: 0)
System memory in use before: 98.1 MB.
System memory in use after: 98.3 MB.

Unloading 15 unused Assets to reduce memory usage. Loaded Objects now: 2711.
Total: 1.910500 ms (FindLiveObjects: 0.188800 ms CreateObjectMapping: 0.053700 ms MarkObjects: 1.654900 ms  DeleteObjects: 0.012400 ms)

========================================================================
Received Import Request.
  Time since last request: 157.679641 seconds.
  path: Assets/TilePalettes/Natalino.prefab
  artifactKey: Guid(36b43abcf7035074b974d731157a59ac) Importer(815301076,1909f56bfc062723c751e8b465ee728b)
Start importing Assets/TilePalettes/Natalino.prefab using Guid(36b43abcf7035074b974d731157a59ac) Importer(815301076,1909f56bfc062723c751e8b465ee728b)  -> (artifact id: 'e19a85b34cb7ebe5f9e6be501f7c2306') in 0.023534 seconds
  Import took 0.153599 seconds .

========================================================================
Received Import Request.
  Time since last request: 0.003625 seconds.
  path: Assets/TilePalettes/Natalino.prefab
  artifactKey: Guid(36b43abcf7035074b974d731157a59ac) Importer(815301076,1909f56bfc062723c751e8b465ee728b)
Start importing Assets/TilePalettes/Natalino.prefab using Guid(36b43abcf7035074b974d731157a59ac) Importer(815301076,1909f56bfc062723c751e8b465ee728b)  -> (artifact id: 'e19a85b34cb7ebe5f9e6be501f7c2306') in 0.002710 seconds
  Import took 0.004998 seconds .

========================================================================
Received Import Request.
  Time since last request: 18.849394 seconds.
  path: Assets/Scripts/Inimigos/InimigoBase.cs
  artifactKey: Guid(24dabef5da9f51f4694cdbfd2b6be73d) Importer(815301076,1909f56bfc062723c751e8b465ee728b)
Start importing Assets/Scripts/Inimigos/InimigoBase.cs using Guid(24dabef5da9f51f4694cdbfd2b6be73d) Importer(815301076,1909f56bfc062723c751e8b465ee728b)  -> (artifact id: '45fd06e88a7cca62e2faa8f804dd828d') in 0.004147 seconds
  Import took 0.006834 seconds .

========================================================================
Received Import Request.
  Time since last request: 0.001109 seconds.
  path: Assets/Scripts/Inimigos/InimigoBase.cs
  artifactKey: Guid(24dabef5da9f51f4694cdbfd2b6be73d) Importer(815301076,1909f56bfc062723c751e8b465ee728b)
Start importing Assets/Scripts/Inimigos/InimigoBase.cs using Guid(24dabef5da9f51f4694cdbfd2b6be73d) Importer(815301076,1909f56bfc062723c751e8b465ee728b)  -> (artifact id: '45fd06e88a7cca62e2faa8f804dd828d') in 0.001599 seconds
  Import took 0.003337 seconds .

========================================================================
Received Import Request.
  Time since last request: 0.411166 seconds.
  path: Assets/Scripts/Inimigos/Patrulhar.cs
  artifactKey: Guid(d52a9bf2110f58448b3717156739f74e) Importer(815301076,1909f56bfc062723c751e8b465ee728b)
Start importing Assets/Scripts/Inimigos/Patrulhar.cs using Guid(d52a9bf2110f58448b3717156739f74e) Importer(815301076,1909f56bfc062723c751e8b465ee728b)  -> (artifact id: '052531c227c646590c9a7645d5ba3393') in 0.004448 seconds
  Import took 0.007155 seconds .

========================================================================
Received Import Request.
  Time since last request: 0.000388 seconds.
  path: Assets/Scripts/Inimigos/Patrulhar.cs
  artifactKey: Guid(d52a9bf2110f58448b3717156739f74e) Importer(815301076,1909f56bfc062723c751e8b465ee728b)
Start importing Assets/Scripts/Inimigos/Patrulhar.cs using Guid(d52a9bf2110f58448b3717156739f74e) Importer(815301076,1909f56bfc062723c751e8b465ee728b)  -> (artifact id: '052531c227c646590c9a7645d5ba3393') in 0.001733 seconds
  Import took 0.004080 seconds .

========================================================================
Received Prepare
Registering precompiled user dll's ...
Registered in 0.002258 seconds.
Begin MonoManager ReloadAssembly
Native extension for WindowsStandalone target not found
Refreshing native plugins compatible for Editor in 0.43 ms, found 3 plugins.
Preloading 0 native plugins for Editor in 0.00 ms.
Invoked RoslynAnalysisRunner static constructor.
RoslynAnalysisRunner will not be running.
RoslynAnalysisRunner has terminated.
Mono: successfully reloaded assembly
- Completed reload, in  0.681 seconds
Platform modules already initialized, skipping
Refreshing native plugins compatible for Editor in 0.21 ms, found 3 plugins.
Preloading 0 native plugins for Editor in 0.00 ms.
Unloading 2255 Unused Serialized files (Serialized files now loaded: 0)
System memory in use before: 98.4 MB.
System memory in use after: 98.5 MB.

Unloading 15 unused Assets to reduce memory usage. Loaded Objects now: 2714.
Total: 1.889500 ms (FindLiveObjects: 0.145300 ms CreateObjectMapping: 0.061300 ms MarkObjects: 1.669400 ms  DeleteObjects: 0.012800 ms)

========================================================================
Received Import Request.
  Time since last request: 39.201589 seconds.
  path: Assets/Scripts/Inimigos/InimigoBase.cs
  artifactKey: Guid(24dabef5da9f51f4694cdbfd2b6be73d) Importer(815301076,1909f56bfc062723c751e8b465ee728b)
Start importing Assets/Scripts/Inimigos/InimigoBase.cs using Guid(24dabef5da9f51f4694cdbfd2b6be73d) Importer(815301076,1909f56bfc062723c751e8b465ee728b)  -> (artifact id: '7344b83f7b5ade61ba241d06080f1b66') in 0.007317 seconds
  Import took 0.010205 seconds .

========================================================================
Received Import Request.
  Time since last request: 0.016931 seconds.
  path: Assets/Scripts/Inimigos/InimigoBase.cs
  artifactKey: Guid(24dabef5da9f51f4694cdbfd2b6be73d) Importer(815301076,1909f56bfc062723c751e8b465ee728b)
Start importing Assets/Scripts/Inimigos/InimigoBase.cs using Guid(24dabef5da9f51f4694cdbfd2b6be73d) Importer(815301076,1909f56bfc062723c751e8b465ee728b)  -> (artifact id: '7344b83f7b5ade61ba241d06080f1b66') in 0.001156 seconds
  Import took 0.003493 seconds .

========================================================================
Received Prepare
Registering precompiled user dll's ...
Registered in 0.001375 seconds.
Begin MonoManager ReloadAssembly
Native extension for WindowsStandalone target not found
Refreshing native plugins compatible for Editor in 0.44 ms, found 3 plugins.
Preloading 0 native plugins for Editor in 0.00 ms.
Invoked RoslynAnalysisRunner static constructor.
RoslynAnalysisRunner will not be running.
RoslynAnalysisRunner has terminated.
Mono: successfully reloaded assembly
- Completed reload, in  0.718 seconds
Platform modules already initialized, skipping
Refreshing native plugins compatible for Editor in 0.30 ms, found 3 plugins.
Preloading 0 native plugins for Editor in 0.00 ms.
Unloading 2255 Unused Serialized files (Serialized files now loaded: 0)
System memory in use before: 98.4 MB.
System memory in use after: 98.6 MB.

Unloading 15 unused Assets to reduce memory usage. Loaded Objects now: 2717.
Total: 2.093800 ms (FindLiveObjects: 0.191900 ms CreateObjectMapping: 0.073800 ms MarkObjects: 1.813200 ms  DeleteObjects: 0.014100 ms)

========================================================================
Received Prepare
Registering precompiled user dll's ...
Registered in 0.002382 seconds.
Begin MonoManager ReloadAssembly
Native extension for WindowsStandalone target not found
Refreshing native plugins compatible for Editor in 0.43 ms, found 3 plugins.
Preloading 0 native plugins for Editor in 0.00 ms.
Invoked RoslynAnalysisRunner static constructor.
RoslynAnalysisRunner will not be running.
RoslynAnalysisRunner has terminated.
Mono: successfully reloaded assembly
- Completed reload, in  0.685 seconds
Platform modules already initialized, skipping
Refreshing native plugins compatible for Editor in 0.24 ms, found 3 plugins.
Preloading 0 native plugins for Editor in 0.00 ms.
Unloading 2255 Unused Serialized files (Serialized files now loaded: 0)
System memory in use before: 98.5 MB.
System memory in use after: 98.7 MB.

Unloading 15 unused Assets to reduce memory usage. Loaded Objects now: 2720.
Total: 1.893000 ms (FindLiveObjects: 0.180800 ms CreateObjectMapping: 0.060700 ms MarkObjects: 1.638500 ms  DeleteObjects: 0.012200 ms)

========================================================================
Received Import Request.
  Time since last request: 68.758043 seconds.
  path: Assets/Scripts/Inimigos/InimigoBase.cs
  artifactKey: Guid(24dabef5da9f51f4694cdbfd2b6be73d) Importer(815301076,1909f56bfc062723c751e8b465ee728b)
Start importing Assets/Scripts/Inimigos/InimigoBase.cs using Guid(24dabef5da9f51f4694cdbfd2b6be73d) Importer(815301076,1909f56bfc062723c751e8b465ee728b)  -> (artifact id: '6588ac82d63a183f59128b6596d04be5') in 0.006570 seconds
  Import took 0.009270 seconds .

========================================================================
Received Prepare
Registering precompiled user dll's ...
Registered in 0.001337 seconds.
Begin MonoManager ReloadAssembly
Native extension for WindowsStandalone target not found
Refreshing native plugins compatible for Editor in 0.44 ms, found 3 plugins.
Preloading 0 native plugins for Editor in 0.00 ms.
Invoked RoslynAnalysisRunner static constructor.
RoslynAnalysisRunner will not be running.
RoslynAnalysisRunner has terminated.
Mono: successfully reloaded assembly
- Completed reload, in  0.660 seconds
Platform modules already initialized, skipping
Refreshing native plugins compatible for Editor in 0.21 ms, found 3 plugins.
Preloading 0 native plugins for Editor in 0.00 ms.
Unloading 2255 Unused Serialized files (Serialized files now loaded: 0)
System memory in use before: 98.4 MB.
System memory in use after: 98.6 MB.

Unloading 15 unused Assets to reduce memory usage. Loaded Objects now: 2723.
Total: 1.836200 ms (FindLiveObjects: 0.149000 ms CreateObjectMapping: 0.063300 ms MarkObjects: 1.610400 ms  DeleteObjects: 0.012500 ms)

========================================================================
Received Prepare
Registering precompiled user dll's ...
Registered in 0.001324 seconds.
Begin MonoManager ReloadAssembly
Native extension for WindowsStandalone target not found
Refreshing native plugins compatible for Editor in 0.43 ms, found 3 plugins.
Preloading 0 native plugins for Editor in 0.00 ms.
Invoked RoslynAnalysisRunner static constructor.
RoslynAnalysisRunner will not be running.
RoslynAnalysisRunner has terminated.
Mono: successfully reloaded assembly
- Completed reload, in  0.682 seconds
Platform modules already initialized, skipping
Refreshing native plugins compatible for Editor in 0.32 ms, found 3 plugins.
Preloading 0 native plugins for Editor in 0.00 ms.
Unloading 2255 Unused Serialized files (Serialized files now loaded: 0)
System memory in use before: 98.5 MB.
System memory in use after: 98.7 MB.

Unloading 15 unused Assets to reduce memory usage. Loaded Objects now: 2726.
Total: 2.015500 ms (FindLiveObjects: 0.224500 ms CreateObjectMapping: 0.076500 ms MarkObjects: 1.701100 ms  DeleteObjects: 0.012700 ms)

========================================================================
Received Prepare
Registering precompiled user dll's ...
Registered in 0.001308 seconds.
Begin MonoManager ReloadAssembly
Native extension for WindowsStandalone target not found
Refreshing native plugins compatible for Editor in 0.44 ms, found 3 plugins.
Preloading 0 native plugins for Editor in 0.00 ms.
Invoked RoslynAnalysisRunner static constructor.
RoslynAnalysisRunner will not be running.
RoslynAnalysisRunner has terminated.
Mono: successfully reloaded assembly
- Completed reload, in  0.677 seconds
Platform modules already initialized, skipping
Refreshing native plugins compatible for Editor in 0.21 ms, found 3 plugins.
Preloading 0 native plugins for Editor in 0.00 ms.
Unloading 2255 Unused Serialized files (Serialized files now loaded: 0)
System memory in use before: 98.5 MB.
System memory in use after: 98.7 MB.

Unloading 15 unused Assets to reduce memory usage. Loaded Objects now: 2729.
Total: 1.856800 ms (FindLiveObjects: 0.156800 ms CreateObjectMapping: 0.059900 ms MarkObjects: 1.626600 ms  DeleteObjects: 0.012500 ms)

========================================================================
Received Prepare
Registering precompiled user dll's ...
Registered in 0.001360 seconds.
Begin MonoManager ReloadAssembly
Native extension for WindowsStandalone target not found
Refreshing native plugins compatible for Editor in 0.43 ms, found 3 plugins.
Preloading 0 native plugins for Editor in 0.00 ms.
Invoked RoslynAnalysisRunner static constructor.
RoslynAnalysisRunner will not be running.
RoslynAnalysisRunner has terminated.
Mono: successfully reloaded assembly
- Completed reload, in  0.686 seconds
Platform modules already initialized, skipping
Refreshing native plugins compatible for Editor in 0.28 ms, found 3 plugins.
Preloading 0 native plugins for Editor in 0.00 ms.
Unloading 2255 Unused Serialized files (Serialized files now loaded: 0)
System memory in use before: 98.5 MB.
System memory in use after: 98.7 MB.

Unloading 15 unused Assets to reduce memory usage. Loaded Objects now: 2732.
Total: 1.865800 ms (FindLiveObjects: 0.169100 ms CreateObjectMapping: 0.056200 ms MarkObjects: 1.628100 ms  DeleteObjects: 0.011800 ms)

========================================================================
Received Prepare
Registering precompiled user dll's ...
Registered in 0.001403 seconds.
Begin MonoManager ReloadAssembly
Native extension for WindowsStandalone target not found
Refreshing native plugins compatible for Editor in 0.42 ms, found 3 plugins.
Preloading 0 native plugins for Editor in 0.00 ms.
Invoked RoslynAnalysisRunner static constructor.
RoslynAnalysisRunner will not be running.
RoslynAnalysisRunner has terminated.
Mono: successfully reloaded assembly
- Completed reload, in  0.689 seconds
Platform modules already initialized, skipping
Refreshing native plugins compatible for Editor in 0.30 ms, found 3 plugins.
Preloading 0 native plugins for Editor in 0.00 ms.
Unloading 2255 Unused Serialized files (Serialized files now loaded: 0)
System memory in use before: 98.5 MB.
System memory in use after: 98.7 MB.

Unloading 15 unused Assets to reduce memory usage. Loaded Objects now: 2735.
Total: 1.882300 ms (FindLiveObjects: 0.164800 ms CreateObjectMapping: 0.054600 ms MarkObjects: 1.649700 ms  DeleteObjects: 0.012400 ms)

========================================================================
Received Prepare
Registering precompiled user dll's ...
Registered in 0.001330 seconds.
Begin MonoManager ReloadAssembly
Native extension for WindowsStandalone target not found
Refreshing native plugins compatible for Editor in 0.41 ms, found 3 plugins.
Preloading 0 native plugins for Editor in 0.00 ms.
Invoked RoslynAnalysisRunner static constructor.
RoslynAnalysisRunner will not be running.
RoslynAnalysisRunner has terminated.
Mono: successfully reloaded assembly
- Completed reload, in  0.679 seconds
Platform modules already initialized, skipping
Refreshing native plugins compatible for Editor in 0.28 ms, found 3 plugins.
Preloading 0 native plugins for Editor in 0.00 ms.
Unloading 2255 Unused Serialized files (Serialized files now loaded: 0)
System memory in use before: 98.4 MB.
System memory in use after: 98.6 MB.

Unloading 15 unused Assets to reduce memory usage. Loaded Objects now: 2738.
Total: 1.998400 ms (FindLiveObjects: 0.180300 ms CreateObjectMapping: 0.055600 ms MarkObjects: 1.749400 ms  DeleteObjects: 0.012500 ms)

========================================================================
Received Prepare
Registering precompiled user dll's ...
Registered in 0.001428 seconds.
Begin MonoManager ReloadAssembly
Native extension for WindowsStandalone target not found
Refreshing native plugins compatible for Editor in 0.37 ms, found 3 plugins.
Preloading 0 native plugins for Editor in 0.00 ms.
Invoked RoslynAnalysisRunner static constructor.
RoslynAnalysisRunner will not be running.
RoslynAnalysisRunner has terminated.
Mono: successfully reloaded assembly
- Completed reload, in  0.672 seconds
Platform modules already initialized, skipping
Refreshing native plugins compatible for Editor in 0.33 ms, found 3 plugins.
Preloading 0 native plugins for Editor in 0.00 ms.
Unloading 2255 Unused Serialized files (Serialized files now loaded: 0)
System memory in use before: 98.5 MB.
System memory in use after: 98.8 MB.

Unloading 15 unused Assets to reduce memory usage. Loaded Objects now: 2741.
Total: 1.859600 ms (FindLiveObjects: 0.190700 ms CreateObjectMapping: 0.055700 ms MarkObjects: 1.598700 ms  DeleteObjects: 0.014000 ms)

========================================================================
Received Prepare
Registering precompiled user dll's ...
Registered in 0.001340 seconds.
Begin MonoManager ReloadAssembly
Native extension for WindowsStandalone target not found
Refreshing native plugins compatible for Editor in 0.44 ms, found 3 plugins.
Preloading 0 native plugins for Editor in 0.00 ms.
Invoked RoslynAnalysisRunner static constructor.
RoslynAnalysisRunner will not be running.
RoslynAnalysisRunner has terminated.
Mono: successfully reloaded assembly
- Completed reload, in  0.681 seconds
Platform modules already initialized, skipping
Refreshing native plugins compatible for Editor in 0.30 ms, found 3 plugins.
Preloading 0 native plugins for Editor in 0.00 ms.
Unloading 2255 Unused Serialized files (Serialized files now loaded: 0)
System memory in use before: 98.5 MB.
System memory in use after: 98.8 MB.

Unloading 15 unused Assets to reduce memory usage. Loaded Objects now: 2744.
Total: 1.877800 ms (FindLiveObjects: 0.162600 ms CreateObjectMapping: 0.054000 ms MarkObjects: 1.647000 ms  DeleteObjects: 0.013600 ms)

========================================================================
Received Prepare
Registering precompiled user dll's ...
Registered in 0.001390 seconds.
Begin MonoManager ReloadAssembly
Native extension for WindowsStandalone target not found
Refreshing native plugins compatible for Editor in 0.44 ms, found 3 plugins.
Preloading 0 native plugins for Editor in 0.00 ms.
Invoked RoslynAnalysisRunner static constructor.
RoslynAnalysisRunner will not be running.
RoslynAnalysisRunner has terminated.
Mono: successfully reloaded assembly
- Completed reload, in  0.673 seconds
Platform modules already initialized, skipping
Refreshing native plugins compatible for Editor in 0.31 ms, found 3 plugins.
Preloading 0 native plugins for Editor in 0.00 ms.
Unloading 2255 Unused Serialized files (Serialized files now loaded: 0)
System memory in use before: 98.5 MB.
System memory in use after: 98.8 MB.

Unloading 15 unused Assets to reduce memory usage. Loaded Objects now: 2747.
Total: 2.181000 ms (FindLiveObjects: 0.242200 ms CreateObjectMapping: 0.065600 ms MarkObjects: 1.856700 ms  DeleteObjects: 0.015500 ms)

========================================================================
Received Import Request.
  Time since last request: 1029.190657 seconds.
  path: Assets/Prefabs/Sphere.prefab
  artifactKey: Guid(2dfdab1fecef32e4a840e68f936c4f6c) Importer(815301076,1909f56bfc062723c751e8b465ee728b)
Start importing Assets/Prefabs/Sphere.prefab using Guid(2dfdab1fecef32e4a840e68f936c4f6c) Importer(815301076,1909f56bfc062723c751e8b465ee728b)  -> (artifact id: '4e26ff4ce1566456a3bd1765fef96fe4') in 0.054656 seconds
  Import took 0.057425 seconds .

========================================================================
Received Import Request.
  Time since last request: 0.000123 seconds.
  path: Assets/Prefabs/AtiradorFujao Variant.prefab
  artifactKey: Guid(8e181abe0e589cc44a5428a1f86c5d58) Importer(815301076,1909f56bfc062723c751e8b465ee728b)
Start importing Assets/Prefabs/AtiradorFujao Variant.prefab using Guid(8e181abe0e589cc44a5428a1f86c5d58) Importer(815301076,1909f56bfc062723c751e8b465ee728b)  -> (artifact id: '817a5b9157e0724f76a098ef78bf383f') in 0.010238 seconds
  Import took 0.012666 seconds .

========================================================================
Received Import Request.
  Time since last request: 0.000109 seconds.
  path: Assets/Prefabs/Cavaleiro.prefab
  artifactKey: Guid(d26c0b3b337f521459faedbe38cda4d2) Importer(815301076,1909f56bfc062723c751e8b465ee728b)
Start importing Assets/Prefabs/Cavaleiro.prefab using Guid(d26c0b3b337f521459faedbe38cda4d2) Importer(815301076,1909f56bfc062723c751e8b465ee728b)  -> (artifact id: '9c7568bd36b827ed5a29ada6442a753f') in 0.008082 seconds
  Import took 0.010253 seconds .

========================================================================
Received Import Request.
  Time since last request: 0.000123 seconds.
  path: Assets/Prefabs/Perseguidor.prefab
  artifactKey: Guid(a9de5442cead24343945dc1bcd29847d) Importer(815301076,1909f56bfc062723c751e8b465ee728b)
Start importing Assets/Prefabs/Perseguidor.prefab using Guid(a9de5442cead24343945dc1bcd29847d) Importer(815301076,1909f56bfc062723c751e8b465ee728b)  -> (artifact id: '389a2bda552dc9fc9c0a448e6945ba3d') in 0.007596 seconds
  Import took 0.009675 seconds .

========================================================================
Received Import Request.
  Time since last request: 0.000107 seconds.
  path: Assets/Prefabs/Fujao.prefab
  artifactKey: Guid(3e7b28b8be99b2f41ba1527cfdb377c2) Importer(815301076,1909f56bfc062723c751e8b465ee728b)
Start importing Assets/Prefabs/Fujao.prefab using Guid(3e7b28b8be99b2f41ba1527cfdb377c2) Importer(815301076,1909f56bfc062723c751e8b465ee728b)  -> (artifact id: '0c75fe65599ed57d6420598caac1c537') in 0.008218 seconds
  Import took 0.010622 seconds .

========================================================================
Received Import Request.
  Time since last request: 0.000121 seconds.
  path: Assets/Prefabs/Atirador.prefab
  artifactKey: Guid(f96ac42e245145447baecfeb856ab3f5) Importer(815301076,1909f56bfc062723c751e8b465ee728b)
Start importing Assets/Prefabs/Atirador.prefab using Guid(f96ac42e245145447baecfeb856ab3f5) Importer(815301076,1909f56bfc062723c751e8b465ee728b)  -> (artifact id: 'bb0a467f2a6f63864b66b5b9ebf96180') in 0.007888 seconds
  Import took 0.010316 seconds .

========================================================================
Received Prepare
Registering precompiled user dll's ...
Registered in 0.001415 seconds.
Begin MonoManager ReloadAssembly
Native extension for WindowsStandalone target not found
Refreshing native plugins compatible for Editor in 0.38 ms, found 3 plugins.
Preloading 0 native plugins for Editor in 0.00 ms.
Invoked RoslynAnalysisRunner static constructor.
RoslynAnalysisRunner will not be running.
RoslynAnalysisRunner has terminated.
Mono: successfully reloaded assembly
- Completed reload, in  0.695 seconds
Platform modules already initialized, skipping
Refreshing native plugins compatible for Editor in 0.29 ms, found 3 plugins.
Preloading 0 native plugins for Editor in 0.00 ms.
Unloading 2255 Unused Serialized files (Serialized files now loaded: 0)
System memory in use before: 101.6 MB.
System memory in use after: 101.8 MB.

Unloading 15 unused Assets to reduce memory usage. Loaded Objects now: 2757.
Total: 1.888600 ms (FindLiveObjects: 0.164400 ms CreateObjectMapping: 0.053700 ms MarkObjects: 1.657000 ms  DeleteObjects: 0.012500 ms)

========================================================================
Received Prepare
Registering precompiled user dll's ...
Registered in 0.001297 seconds.
Begin MonoManager ReloadAssembly
Native extension for WindowsStandalone target not found
Refreshing native plugins compatible for Editor in 0.46 ms, found 3 plugins.
Preloading 0 native plugins for Editor in 0.00 ms.
Invoked RoslynAnalysisRunner static constructor.
RoslynAnalysisRunner will not be running.
RoslynAnalysisRunner has terminated.
Mono: successfully reloaded assembly
- Completed reload, in  0.662 seconds
Platform modules already initialized, skipping
Refreshing native plugins compatible for Editor in 0.27 ms, found 3 plugins.
Preloading 0 native plugins for Editor in 0.00 ms.
Unloading 2255 Unused Serialized files (Serialized files now loaded: 0)
System memory in use before: 101.5 MB.
System memory in use after: 101.7 MB.

Unloading 15 unused Assets to reduce memory usage. Loaded Objects now: 2760.
Total: 1.874300 ms (FindLiveObjects: 0.167000 ms CreateObjectMapping: 0.061800 ms MarkObjects: 1.632400 ms  DeleteObjects: 0.012600 ms)

========================================================================
Received Prepare
Registering precompiled user dll's ...
Registered in 0.001357 seconds.
Begin MonoManager ReloadAssembly
Native extension for WindowsStandalone target not found
Refreshing native plugins compatible for Editor in 0.38 ms, found 3 plugins.
Preloading 0 native plugins for Editor in 0.00 ms.
Invoked RoslynAnalysisRunner static constructor.
RoslynAnalysisRunner will not be running.
RoslynAnalysisRunner has terminated.
Mono: successfully reloaded assembly
- Completed reload, in  0.668 seconds
Platform modules already initialized, skipping
Refreshing native plugins compatible for Editor in 0.28 ms, found 3 plugins.
Preloading 0 native plugins for Editor in 0.00 ms.
Unloading 2255 Unused Serialized files (Serialized files now loaded: 0)
System memory in use before: 101.6 MB.
System memory in use after: 101.8 MB.

Unloading 15 unused Assets to reduce memory usage. Loaded Objects now: 2763.
Total: 1.905400 ms (FindLiveObjects: 0.188400 ms CreateObjectMapping: 0.055300 ms MarkObjects: 1.647600 ms  DeleteObjects: 0.013500 ms)

========================================================================
Received Prepare
Registering precompiled user dll's ...
Registered in 0.001392 seconds.
Begin MonoManager ReloadAssembly
Native extension for WindowsStandalone target not found
Refreshing native plugins compatible for Editor in 0.44 ms, found 3 plugins.
Preloading 0 native plugins for Editor in 0.00 ms.
Invoked RoslynAnalysisRunner static constructor.
RoslynAnalysisRunner will not be running.
RoslynAnalysisRunner has terminated.
Mono: successfully reloaded assembly
- Completed reload, in  0.704 seconds
Platform modules already initialized, skipping
Refreshing native plugins compatible for Editor in 0.30 ms, found 3 plugins.
Preloading 0 native plugins for Editor in 0.00 ms.
Unloading 2255 Unused Serialized files (Serialized files now loaded: 0)
System memory in use before: 101.6 MB.
System memory in use after: 101.8 MB.

Unloading 15 unused Assets to reduce memory usage. Loaded Objects now: 2766.
Total: 1.916700 ms (FindLiveObjects: 0.211700 ms CreateObjectMapping: 0.056400 ms MarkObjects: 1.631700 ms  DeleteObjects: 0.016000 ms)

========================================================================
Received Prepare
Registering precompiled user dll's ...
Registered in 0.001414 seconds.
Begin MonoManager ReloadAssembly
Native extension for WindowsStandalone target not found
Refreshing native plugins compatible for Editor in 0.44 ms, found 3 plugins.
Preloading 0 native plugins for Editor in 0.00 ms.
Invoked RoslynAnalysisRunner static constructor.
RoslynAnalysisRunner will not be running.
RoslynAnalysisRunner has terminated.
Mono: successfully reloaded assembly
- Completed reload, in  0.670 seconds
Platform modules already initialized, skipping
Refreshing native plugins compatible for Editor in 0.30 ms, found 3 plugins.
Preloading 0 native plugins for Editor in 0.00 ms.
Unloading 2255 Unused Serialized files (Serialized files now loaded: 0)
System memory in use before: 101.6 MB.
System memory in use after: 101.8 MB.

Unloading 15 unused Assets to reduce memory usage. Loaded Objects now: 2769.
Total: 1.923700 ms (FindLiveObjects: 0.172900 ms CreateObjectMapping: 0.064200 ms MarkObjects: 1.673000 ms  DeleteObjects: 0.013000 ms)

========================================================================
Received Prepare
Registering precompiled user dll's ...
Registered in 0.001590 seconds.
Begin MonoManager ReloadAssembly
Native extension for WindowsStandalone target not found
Refreshing native plugins compatible for Editor in 0.45 ms, found 3 plugins.
Preloading 0 native plugins for Editor in 0.00 ms.
Invoked RoslynAnalysisRunner static constructor.
RoslynAnalysisRunner will not be running.
RoslynAnalysisRunner has terminated.
Mono: successfully reloaded assembly
- Completed reload, in  0.701 seconds
Platform modules already initialized, skipping
Refreshing native plugins compatible for Editor in 0.33 ms, found 3 plugins.
Preloading 0 native plugins for Editor in 0.00 ms.
Unloading 2255 Unused Serialized files (Serialized files now loaded: 0)
System memory in use before: 101.6 MB.
System memory in use after: 101.8 MB.

Unloading 15 unused Assets to reduce memory usage. Loaded Objects now: 2772.
Total: 1.994700 ms (FindLiveObjects: 0.174200 ms CreateObjectMapping: 0.054900 ms MarkObjects: 1.751600 ms  DeleteObjects: 0.013200 ms)

========================================================================
Received Prepare
Registering precompiled user dll's ...
Registered in 0.001425 seconds.
Begin MonoManager ReloadAssembly
Native extension for WindowsStandalone target not found
Refreshing native plugins compatible for Editor in 0.44 ms, found 3 plugins.
Preloading 0 native plugins for Editor in 0.00 ms.
Invoked RoslynAnalysisRunner static constructor.
RoslynAnalysisRunner will not be running.
RoslynAnalysisRunner has terminated.
Mono: successfully reloaded assembly
- Completed reload, in  0.694 seconds
Platform modules already initialized, skipping
Refreshing native plugins compatible for Editor in 0.34 ms, found 3 plugins.
Preloading 0 native plugins for Editor in 0.00 ms.
Unloading 2255 Unused Serialized files (Serialized files now loaded: 0)
System memory in use before: 101.5 MB.
System memory in use after: 101.7 MB.

Unloading 15 unused Assets to reduce memory usage. Loaded Objects now: 2775.
Total: 2.079800 ms (FindLiveObjects: 0.208600 ms CreateObjectMapping: 0.072200 ms MarkObjects: 1.784800 ms  DeleteObjects: 0.013500 ms)

========================================================================
Received Prepare
Registering precompiled user dll's ...
Registered in 0.001376 seconds.
Begin MonoManager ReloadAssembly
Native extension for WindowsStandalone target not found
Refreshing native plugins compatible for Editor in 0.46 ms, found 3 plugins.
Preloading 0 native plugins for Editor in 0.00 ms.
Invoked RoslynAnalysisRunner static constructor.
RoslynAnalysisRunner will not be running.
RoslynAnalysisRunner has terminated.
Mono: successfully reloaded assembly
- Completed reload, in  0.697 seconds
Platform modules already initialized, skipping
Refreshing native plugins compatible for Editor in 0.35 ms, found 3 plugins.
Preloading 0 native plugins for Editor in 0.00 ms.
Unloading 2255 Unused Serialized files (Serialized files now loaded: 0)
System memory in use before: 101.6 MB.
System memory in use after: 101.8 MB.

Unloading 15 unused Assets to reduce memory usage. Loaded Objects now: 2778.
Total: 1.784300 ms (FindLiveObjects: 0.143100 ms CreateObjectMapping: 0.046200 ms MarkObjects: 1.581200 ms  DeleteObjects: 0.012600 ms)

========================================================================
Received Prepare
Registering precompiled user dll's ...
Registered in 0.001329 seconds.
Begin MonoManager ReloadAssembly
Native extension for WindowsStandalone target not found
Refreshing native plugins compatible for Editor in 0.43 ms, found 3 plugins.
Preloading 0 native plugins for Editor in 0.00 ms.
Invoked RoslynAnalysisRunner static constructor.
RoslynAnalysisRunner will not be running.
RoslynAnalysisRunner has terminated.
Mono: successfully reloaded assembly
- Completed reload, in  0.679 seconds
Platform modules already initialized, skipping
Refreshing native plugins compatible for Editor in 0.23 ms, found 3 plugins.
Preloading 0 native plugins for Editor in 0.00 ms.
Unloading 2255 Unused Serialized files (Serialized files now loaded: 0)
System memory in use before: 101.6 MB.
System memory in use after: 101.9 MB.

Unloading 15 unused Assets to reduce memory usage. Loaded Objects now: 2781.
Total: 1.998400 ms (FindLiveObjects: 0.191100 ms CreateObjectMapping: 0.070000 ms MarkObjects: 1.723300 ms  DeleteObjects: 0.013300 ms)

========================================================================
Received Prepare
Registering precompiled user dll's ...
Registered in 0.001383 seconds.
Begin MonoManager ReloadAssembly
Native extension for WindowsStandalone target not found
Refreshing native plugins compatible for Editor in 0.44 ms, found 3 plugins.
Preloading 0 native plugins for Editor in 0.00 ms.
Invoked RoslynAnalysisRunner static constructor.
RoslynAnalysisRunner will not be running.
RoslynAnalysisRunner has terminated.
Mono: successfully reloaded assembly
- Completed reload, in  0.696 seconds
Platform modules already initialized, skipping
Refreshing native plugins compatible for Editor in 0.51 ms, found 3 plugins.
Preloading 0 native plugins for Editor in 0.00 ms.
Unloading 2255 Unused Serialized files (Serialized files now loaded: 0)
System memory in use before: 101.6 MB.
System memory in use after: 101.9 MB.

Unloading 15 unused Assets to reduce memory usage. Loaded Objects now: 2784.
Total: 2.201700 ms (FindLiveObjects: 0.292500 ms CreateObjectMapping: 0.067600 ms MarkObjects: 1.823900 ms  DeleteObjects: 0.016800 ms)

========================================================================
Received Prepare
Registering precompiled user dll's ...
Registered in 0.001324 seconds.
Begin MonoManager ReloadAssembly
Native extension for WindowsStandalone target not found
Refreshing native plugins compatible for Editor in 0.43 ms, found 3 plugins.
Preloading 0 native plugins for Editor in 0.00 ms.
Invoked RoslynAnalysisRunner static constructor.
RoslynAnalysisRunner will not be running.
RoslynAnalysisRunner has terminated.
Mono: successfully reloaded assembly
- Completed reload, in  0.680 seconds
Platform modules already initialized, skipping
Refreshing native plugins compatible for Editor in 0.22 ms, found 3 plugins.
Preloading 0 native plugins for Editor in 0.00 ms.
Unloading 2255 Unused Serialized files (Serialized files now loaded: 0)
System memory in use before: 101.7 MB.
System memory in use after: 101.9 MB.

Unloading 15 unused Assets to reduce memory usage. Loaded Objects now: 2787.
Total: 1.858100 ms (FindLiveObjects: 0.152800 ms CreateObjectMapping: 0.057300 ms MarkObjects: 1.634700 ms  DeleteObjects: 0.012300 ms)

========================================================================
Received Prepare
Registering precompiled user dll's ...
Registered in 0.001329 seconds.
Begin MonoManager ReloadAssembly
Native extension for WindowsStandalone target not found
Refreshing native plugins compatible for Editor in 0.44 ms, found 3 plugins.
Preloading 0 native plugins for Editor in 0.00 ms.
Invoked RoslynAnalysisRunner static constructor.
RoslynAnalysisRunner will not be running.
RoslynAnalysisRunner has terminated.
Mono: successfully reloaded assembly
- Completed reload, in  0.665 seconds
Platform modules already initialized, skipping
Refreshing native plugins compatible for Editor in 0.36 ms, found 3 plugins.
Preloading 0 native plugins for Editor in 0.00 ms.
Unloading 2255 Unused Serialized files (Serialized files now loaded: 0)
System memory in use before: 101.6 MB.
System memory in use after: 101.8 MB.

Unloading 15 unused Assets to reduce memory usage. Loaded Objects now: 2790.
Total: 1.864200 ms (FindLiveObjects: 0.194800 ms CreateObjectMapping: 0.057200 ms MarkObjects: 1.598500 ms  DeleteObjects: 0.013000 ms)

========================================================================
Received Prepare
Registering precompiled user dll's ...
Registered in 0.001466 seconds.
Begin MonoManager ReloadAssembly
Native extension for WindowsStandalone target not found
Refreshing native plugins compatible for Editor in 0.47 ms, found 3 plugins.
Preloading 0 native plugins for Editor in 0.00 ms.
Invoked RoslynAnalysisRunner static constructor.
RoslynAnalysisRunner will not be running.
RoslynAnalysisRunner has terminated.
Mono: successfully reloaded assembly
- Completed reload, in  0.702 seconds
Platform modules already initialized, skipping
Refreshing native plugins compatible for Editor in 0.45 ms, found 3 plugins.
Preloading 0 native plugins for Editor in 0.00 ms.
Unloading 2255 Unused Serialized files (Serialized files now loaded: 0)
System memory in use before: 101.7 MB.
System memory in use after: 101.9 MB.

Unloading 15 unused Assets to reduce memory usage. Loaded Objects now: 2793.
Total: 1.930800 ms (FindLiveObjects: 0.237800 ms CreateObjectMapping: 0.055600 ms MarkObjects: 1.622800 ms  DeleteObjects: 0.014000 ms)

========================================================================
Received Prepare
Registering precompiled user dll's ...
Registered in 0.001357 seconds.
Begin MonoManager ReloadAssembly
Native extension for WindowsStandalone target not found
Refreshing native plugins compatible for Editor in 0.43 ms, found 3 plugins.
Preloading 0 native plugins for Editor in 0.00 ms.
Invoked RoslynAnalysisRunner static constructor.
RoslynAnalysisRunner will not be running.
RoslynAnalysisRunner has terminated.
Mono: successfully reloaded assembly
- Completed reload, in  0.699 seconds
Platform modules already initialized, skipping
Refreshing native plugins compatible for Editor in 0.22 ms, found 3 plugins.
Preloading 0 native plugins for Editor in 0.00 ms.
Unloading 2255 Unused Serialized files (Serialized files now loaded: 0)
System memory in use before: 101.7 MB.
System memory in use after: 101.9 MB.

Unloading 15 unused Assets to reduce memory usage. Loaded Objects now: 2796.
Total: 1.969300 ms (FindLiveObjects: 0.183800 ms CreateObjectMapping: 0.058100 ms MarkObjects: 1.714400 ms  DeleteObjects: 0.012300 ms)

========================================================================
Received Prepare
Registering precompiled user dll's ...
Registered in 0.001311 seconds.
Begin MonoManager ReloadAssembly
Native extension for WindowsStandalone target not found
Refreshing native plugins compatible for Editor in 0.43 ms, found 3 plugins.
Preloading 0 native plugins for Editor in 0.00 ms.
Invoked RoslynAnalysisRunner static constructor.
RoslynAnalysisRunner will not be running.
RoslynAnalysisRunner has terminated.
Mono: successfully reloaded assembly
- Completed reload, in  0.686 seconds
Platform modules already initialized, skipping
Refreshing native plugins compatible for Editor in 0.34 ms, found 3 plugins.
Preloading 0 native plugins for Editor in 0.00 ms.
Unloading 2255 Unused Serialized files (Serialized files now loaded: 0)
System memory in use before: 101.7 MB.
System memory in use after: 101.9 MB.

Unloading 15 unused Assets to reduce memory usage. Loaded Objects now: 2799.
Total: 1.823300 ms (FindLiveObjects: 0.168300 ms CreateObjectMapping: 0.054700 ms MarkObjects: 1.586200 ms  DeleteObjects: 0.013500 ms)

========================================================================
Received Prepare
Registering precompiled user dll's ...
Registered in 0.001382 seconds.
Begin MonoManager ReloadAssembly
Native extension for WindowsStandalone target not found
Refreshing native plugins compatible for Editor in 0.46 ms, found 3 plugins.
Preloading 0 native plugins for Editor in 0.00 ms.
Invoked RoslynAnalysisRunner static constructor.
RoslynAnalysisRunner will not be running.
RoslynAnalysisRunner has terminated.
Mono: successfully reloaded assembly
- Completed reload, in  0.677 seconds
Platform modules already initialized, skipping
Refreshing native plugins compatible for Editor in 0.29 ms, found 3 plugins.
Preloading 0 native plugins for Editor in 0.00 ms.
Unloading 2255 Unused Serialized files (Serialized files now loaded: 0)
System memory in use before: 101.7 MB.
System memory in use after: 101.9 MB.

Unloading 15 unused Assets to reduce memory usage. Loaded Objects now: 2802.
Total: 2.012800 ms (FindLiveObjects: 0.263800 ms CreateObjectMapping: 0.074000 ms MarkObjects: 1.661000 ms  DeleteObjects: 0.013100 ms)

========================================================================
Received Prepare
Registering precompiled user dll's ...
Registered in 0.001386 seconds.
Begin MonoManager ReloadAssembly
Native extension for WindowsStandalone target not found
Refreshing native plugins compatible for Editor in 0.70 ms, found 3 plugins.
Preloading 0 native plugins for Editor in 0.00 ms.
Invoked RoslynAnalysisRunner static constructor.
RoslynAnalysisRunner will not be running.
RoslynAnalysisRunner has terminated.
Mono: successfully reloaded assembly
- Completed reload, in  0.676 seconds
Platform modules already initialized, skipping
Refreshing native plugins compatible for Editor in 0.25 ms, found 3 plugins.
Preloading 0 native plugins for Editor in 0.00 ms.
Unloading 2255 Unused Serialized files (Serialized files now loaded: 0)
System memory in use before: 101.6 MB.
System memory in use after: 101.8 MB.

Unloading 15 unused Assets to reduce memory usage. Loaded Objects now: 2805.
Total: 2.086300 ms (FindLiveObjects: 0.220100 ms CreateObjectMapping: 0.085600 ms MarkObjects: 1.765200 ms  DeleteObjects: 0.014800 ms)

========================================================================
Received Prepare
Registering precompiled user dll's ...
Registered in 0.001345 seconds.
Begin MonoManager ReloadAssembly
Native extension for WindowsStandalone target not found
Refreshing native plugins compatible for Editor in 0.38 ms, found 3 plugins.
Preloading 0 native plugins for Editor in 0.00 ms.
Invoked RoslynAnalysisRunner static constructor.
RoslynAnalysisRunner will not be running.
RoslynAnalysisRunner has terminated.
Mono: successfully reloaded assembly
- Completed reload, in  0.670 seconds
Platform modules already initialized, skipping
Refreshing native plugins compatible for Editor in 0.27 ms, found 3 plugins.
Preloading 0 native plugins for Editor in 0.00 ms.
Unloading 2255 Unused Serialized files (Serialized files now loaded: 0)
System memory in use before: 101.7 MB.
System memory in use after: 101.9 MB.

Unloading 15 unused Assets to reduce memory usage. Loaded Objects now: 2808.
Total: 1.909200 ms (FindLiveObjects: 0.177900 ms CreateObjectMapping: 0.055900 ms MarkObjects: 1.662900 ms  DeleteObjects: 0.011900 ms)

========================================================================
Received Prepare
Registering precompiled user dll's ...
Registered in 0.001372 seconds.
Begin MonoManager ReloadAssembly
Native extension for WindowsStandalone target not found
Refreshing native plugins compatible for Editor in 0.56 ms, found 3 plugins.
Preloading 0 native plugins for Editor in 0.00 ms.
Invoked RoslynAnalysisRunner static constructor.
RoslynAnalysisRunner will not be running.
RoslynAnalysisRunner has terminated.
Mono: successfully reloaded assembly
- Completed reload, in  0.679 seconds
Platform modules already initialized, skipping
Refreshing native plugins compatible for Editor in 0.27 ms, found 3 plugins.
Preloading 0 native plugins for Editor in 0.00 ms.
Unloading 2255 Unused Serialized files (Serialized files now loaded: 0)
System memory in use before: 101.7 MB.
System memory in use after: 101.9 MB.

Unloading 15 unused Assets to reduce memory usage. Loaded Objects now: 2811.
Total: 1.984100 ms (FindLiveObjects: 0.167800 ms CreateObjectMapping: 0.062800 ms MarkObjects: 1.739400 ms  DeleteObjects: 0.013400 ms)

========================================================================
Received Prepare
Registering precompiled user dll's ...
Registered in 0.001440 seconds.
Begin MonoManager ReloadAssembly
Native extension for WindowsStandalone target not found
Refreshing native plugins compatible for Editor in 0.41 ms, found 3 plugins.
Preloading 0 native plugins for Editor in 0.00 ms.
Invoked RoslynAnalysisRunner static constructor.
RoslynAnalysisRunner will not be running.
RoslynAnalysisRunner has terminated.
Mono: successfully reloaded assembly
- Completed reload, in  0.686 seconds
Platform modules already initialized, skipping
Refreshing native plugins compatible for Editor in 0.24 ms, found 3 plugins.
Preloading 0 native plugins for Editor in 0.00 ms.
Unloading 2255 Unused Serialized files (Serialized files now loaded: 0)
System memory in use before: 101.7 MB.
System memory in use after: 101.9 MB.

Unloading 15 unused Assets to reduce memory usage. Loaded Objects now: 2814.
Total: 1.876400 ms (FindLiveObjects: 0.176100 ms CreateObjectMapping: 0.056200 ms MarkObjects: 1.628400 ms  DeleteObjects: 0.015000 ms)

========================================================================
Received Prepare
Registering precompiled user dll's ...
Registered in 0.001429 seconds.
Begin MonoManager ReloadAssembly
Native extension for WindowsStandalone target not found
Refreshing native plugins compatible for Editor in 0.44 ms, found 3 plugins.
Preloading 0 native plugins for Editor in 0.00 ms.
Invoked RoslynAnalysisRunner static constructor.
RoslynAnalysisRunner will not be running.
RoslynAnalysisRunner has terminated.
Mono: successfully reloaded assembly
- Completed reload, in  0.692 seconds
Platform modules already initialized, skipping
Refreshing native plugins compatible for Editor in 0.24 ms, found 3 plugins.
Preloading 0 native plugins for Editor in 0.00 ms.
Unloading 2255 Unused Serialized files (Serialized files now loaded: 0)
System memory in use before: 101.7 MB.
System memory in use after: 102.0 MB.

Unloading 15 unused Assets to reduce memory usage. Loaded Objects now: 2817.
Total: 1.988500 ms (FindLiveObjects: 0.164100 ms CreateObjectMapping: 0.056000 ms MarkObjects: 1.755000 ms  DeleteObjects: 0.012600 ms)

========================================================================
Received Import Request.
  Time since last request: 1564.175153 seconds.
  path: Assets/Prefabs/PlayerO.prefab
  artifactKey: Guid(05887ee8269fdaa448e3748b8c6b25f0) Importer(815301076,1909f56bfc062723c751e8b465ee728b)
Start importing Assets/Prefabs/PlayerO.prefab using Guid(05887ee8269fdaa448e3748b8c6b25f0) Importer(815301076,1909f56bfc062723c751e8b465ee728b)  -> (artifact id: '23458567878923ffb13ffe894619203f') in 0.053977 seconds
  Import took 0.056799 seconds .

========================================================================
Received Import Request.
  Time since last request: 15.268822 seconds.
  path: Assets/Prefabs/Cavaleiro.prefab
  artifactKey: Guid(d26c0b3b337f521459faedbe38cda4d2) Importer(815301076,1909f56bfc062723c751e8b465ee728b)
Start importing Assets/Prefabs/Cavaleiro.prefab using Guid(d26c0b3b337f521459faedbe38cda4d2) Importer(815301076,1909f56bfc062723c751e8b465ee728b)  -> (artifact id: 'fbb1434fad9a0f089c588347ae1f5ded') in 0.009319 seconds
  Import took 0.012016 seconds .

========================================================================
Received Import Request.
  Time since last request: 2.206567 seconds.
  path: Assets/Prefabs/Cavaleiro.prefab
  artifactKey: Guid(d26c0b3b337f521459faedbe38cda4d2) Importer(815301076,1909f56bfc062723c751e8b465ee728b)
Start importing Assets/Prefabs/Cavaleiro.prefab using Guid(d26c0b3b337f521459faedbe38cda4d2) Importer(815301076,1909f56bfc062723c751e8b465ee728b)  -> (artifact id: 'bb58848126f3aa6b25086ee1ad9d1040') in 0.007939 seconds
  Import took 0.010696 seconds .

========================================================================
Received Import Request.
  Time since last request: 3.210348 seconds.
  path: Assets/Prefabs/Cavaleiro.prefab
  artifactKey: Guid(d26c0b3b337f521459faedbe38cda4d2) Importer(815301076,1909f56bfc062723c751e8b465ee728b)
Start importing Assets/Prefabs/Cavaleiro.prefab using Guid(d26c0b3b337f521459faedbe38cda4d2) Importer(815301076,1909f56bfc062723c751e8b465ee728b)  -> (artifact id: '28324927e3d875274f7c2167052b1a4c') in 0.008806 seconds
  Import took 0.011542 seconds .

========================================================================
Received Prepare
Registering precompiled user dll's ...
Registered in 0.001312 seconds.
Begin MonoManager ReloadAssembly
Native extension for WindowsStandalone target not found
Refreshing native plugins compatible for Editor in 0.44 ms, found 3 plugins.
Preloading 0 native plugins for Editor in 0.00 ms.
Invoked RoslynAnalysisRunner static constructor.
RoslynAnalysisRunner will not be running.
RoslynAnalysisRunner has terminated.
Mono: successfully reloaded assembly
- Completed reload, in  0.702 seconds
Platform modules already initialized, skipping
Refreshing native plugins compatible for Editor in 0.27 ms, found 3 plugins.
Preloading 0 native plugins for Editor in 0.00 ms.
Unloading 2255 Unused Serialized files (Serialized files now loaded: 0)
System memory in use before: 101.7 MB.
System memory in use after: 101.9 MB.

Unloading 15 unused Assets to reduce memory usage. Loaded Objects now: 2821.
Total: 1.892900 ms (FindLiveObjects: 0.166000 ms CreateObjectMapping: 0.060100 ms MarkObjects: 1.653000 ms  DeleteObjects: 0.012900 ms)

========================================================================
Received Prepare
Registering precompiled user dll's ...
Registered in 0.001385 seconds.
Begin MonoManager ReloadAssembly
Native extension for WindowsStandalone target not found
Refreshing native plugins compatible for Editor in 0.43 ms, found 3 plugins.
Preloading 0 native plugins for Editor in 0.00 ms.
Invoked RoslynAnalysisRunner static constructor.
RoslynAnalysisRunner will not be running.
RoslynAnalysisRunner has terminated.
Mono: successfully reloaded assembly
- Completed reload, in  0.680 seconds
Platform modules already initialized, skipping
Refreshing native plugins compatible for Editor in 0.35 ms, found 3 plugins.
Preloading 0 native plugins for Editor in 0.00 ms.
Unloading 2255 Unused Serialized files (Serialized files now loaded: 0)
System memory in use before: 101.8 MB.
System memory in use after: 102.0 MB.

Unloading 15 unused Assets to reduce memory usage. Loaded Objects now: 2824.
Total: 2.053500 ms (FindLiveObjects: 0.207300 ms CreateObjectMapping: 0.060100 ms MarkObjects: 1.772600 ms  DeleteObjects: 0.012800 ms)

========================================================================
Received Prepare
Registering precompiled user dll's ...
Registered in 0.001307 seconds.
Begin MonoManager ReloadAssembly
Native extension for WindowsStandalone target not found
Refreshing native plugins compatible for Editor in 0.37 ms, found 3 plugins.
Preloading 0 native plugins for Editor in 0.00 ms.
Invoked RoslynAnalysisRunner static constructor.
RoslynAnalysisRunner will not be running.
RoslynAnalysisRunner has terminated.
Mono: successfully reloaded assembly
- Completed reload, in  0.681 seconds
Platform modules already initialized, skipping
Refreshing native plugins compatible for Editor in 0.27 ms, found 3 plugins.
Preloading 0 native plugins for Editor in 0.00 ms.
Unloading 2255 Unused Serialized files (Serialized files now loaded: 0)
System memory in use before: 101.8 MB.
System memory in use after: 102.0 MB.

Unloading 15 unused Assets to reduce memory usage. Loaded Objects now: 2827.
Total: 1.938700 ms (FindLiveObjects: 0.261600 ms CreateObjectMapping: 0.056900 ms MarkObjects: 1.605700 ms  DeleteObjects: 0.013700 ms)

========================================================================
Received Prepare
Registering precompiled user dll's ...
Registered in 0.001339 seconds.
Begin MonoManager ReloadAssembly
Native extension for WindowsStandalone target not found
Refreshing native plugins compatible for Editor in 0.44 ms, found 3 plugins.
Preloading 0 native plugins for Editor in 0.00 ms.
Invoked RoslynAnalysisRunner static constructor.
RoslynAnalysisRunner will not be running.
RoslynAnalysisRunner has terminated.
Mono: successfully reloaded assembly
- Completed reload, in  0.675 seconds
Platform modules already initialized, skipping
Refreshing native plugins compatible for Editor in 0.26 ms, found 3 plugins.
Preloading 0 native plugins for Editor in 0.00 ms.
Unloading 2255 Unused Serialized files (Serialized files now loaded: 0)
System memory in use before: 101.8 MB.
System memory in use after: 102.0 MB.

Unloading 15 unused Assets to reduce memory usage. Loaded Objects now: 2830.
Total: 2.022600 ms (FindLiveObjects: 0.233000 ms CreateObjectMapping: 0.053900 ms MarkObjects: 1.722000 ms  DeleteObjects: 0.013000 ms)

========================================================================
Received Prepare
Registering precompiled user dll's ...
Registered in 0.001336 seconds.
Begin MonoManager ReloadAssembly
Native extension for WindowsStandalone target not found
Refreshing native plugins compatible for Editor in 0.39 ms, found 3 plugins.
Preloading 0 native plugins for Editor in 0.00 ms.
Invoked RoslynAnalysisRunner static constructor.
RoslynAnalysisRunner will not be running.
RoslynAnalysisRunner has terminated.
Mono: successfully reloaded assembly
- Completed reload, in  0.686 seconds
Platform modules already initialized, skipping
Refreshing native plugins compatible for Editor in 0.32 ms, found 3 plugins.
Preloading 0 native plugins for Editor in 0.00 ms.
Unloading 2255 Unused Serialized files (Serialized files now loaded: 0)
System memory in use before: 101.8 MB.
System memory in use after: 102.0 MB.

Unloading 15 unused Assets to reduce memory usage. Loaded Objects now: 2833.
Total: 1.828900 ms (FindLiveObjects: 0.180300 ms CreateObjectMapping: 0.055600 ms MarkObjects: 1.579500 ms  DeleteObjects: 0.012700 ms)

========================================================================
Received Prepare
Registering precompiled user dll's ...
Registered in 0.001316 seconds.
Begin MonoManager ReloadAssembly
Native extension for WindowsStandalone target not found
Refreshing native plugins compatible for Editor in 0.39 ms, found 3 plugins.
Preloading 0 native plugins for Editor in 0.00 ms.
Invoked RoslynAnalysisRunner static constructor.
RoslynAnalysisRunner will not be running.
RoslynAnalysisRunner has terminated.
Mono: successfully reloaded assembly
- Completed reload, in  0.681 seconds
Platform modules already initialized, skipping
Refreshing native plugins compatible for Editor in 0.27 ms, found 3 plugins.
Preloading 0 native plugins for Editor in 0.00 ms.
Unloading 2255 Unused Serialized files (Serialized files now loaded: 0)
System memory in use before: 101.7 MB.
System memory in use after: 101.9 MB.

Unloading 15 unused Assets to reduce memory usage. Loaded Objects now: 2836.
Total: 1.877300 ms (FindLiveObjects: 0.187800 ms CreateObjectMapping: 0.056800 ms MarkObjects: 1.619500 ms  DeleteObjects: 0.012600 ms)

========================================================================
Received Prepare
Registering precompiled user dll's ...
Registered in 0.001481 seconds.
Begin MonoManager ReloadAssembly
Native extension for WindowsStandalone target not found
Refreshing native plugins compatible for Editor in 0.44 ms, found 3 plugins.
Preloading 0 native plugins for Editor in 0.00 ms.
Invoked RoslynAnalysisRunner static constructor.
RoslynAnalysisRunner will not be running.
RoslynAnalysisRunner has terminated.
Mono: successfully reloaded assembly
- Completed reload, in  0.689 seconds
Platform modules already initialized, skipping
Refreshing native plugins compatible for Editor in 0.25 ms, found 3 plugins.
Preloading 0 native plugins for Editor in 0.00 ms.
Unloading 2255 Unused Serialized files (Serialized files now loaded: 0)
System memory in use before: 101.8 MB.
System memory in use after: 102.0 MB.

Unloading 15 unused Assets to reduce memory usage. Loaded Objects now: 2839.
Total: 2.607700 ms (FindLiveObjects: 0.246500 ms CreateObjectMapping: 0.062800 ms MarkObjects: 2.280500 ms  DeleteObjects: 0.017300 ms)

========================================================================
Received Prepare
Registering precompiled user dll's ...
Registered in 0.001490 seconds.
Begin MonoManager ReloadAssembly
Native extension for WindowsStandalone target not found
Refreshing native plugins compatible for Editor in 0.44 ms, found 3 plugins.
Preloading 0 native plugins for Editor in 0.00 ms.
Invoked RoslynAnalysisRunner static constructor.
RoslynAnalysisRunner will not be running.
RoslynAnalysisRunner has terminated.
Mono: successfully reloaded assembly
- Completed reload, in  0.657 seconds
Platform modules already initialized, skipping
Refreshing native plugins compatible for Editor in 0.24 ms, found 3 plugins.
Preloading 0 native plugins for Editor in 0.00 ms.
Unloading 2255 Unused Serialized files (Serialized files now loaded: 0)
System memory in use before: 101.8 MB.
System memory in use after: 102.1 MB.

Unloading 15 unused Assets to reduce memory usage. Loaded Objects now: 2842.
Total: 1.876500 ms (FindLiveObjects: 0.166300 ms CreateObjectMapping: 0.058100 ms MarkObjects: 1.638300 ms  DeleteObjects: 0.013000 ms)

========================================================================
Received Prepare
Registering precompiled user dll's ...
Registered in 0.001337 seconds.
Begin MonoManager ReloadAssembly
Native extension for WindowsStandalone target not found
Refreshing native plugins compatible for Editor in 0.41 ms, found 3 plugins.
Preloading 0 native plugins for Editor in 0.00 ms.
Invoked RoslynAnalysisRunner static constructor.
RoslynAnalysisRunner will not be running.
RoslynAnalysisRunner has terminated.
Mono: successfully reloaded assembly
- Completed reload, in  0.667 seconds
Platform modules already initialized, skipping
Refreshing native plugins compatible for Editor in 0.27 ms, found 3 plugins.
Preloading 0 native plugins for Editor in 0.00 ms.
Unloading 2255 Unused Serialized files (Serialized files now loaded: 0)
System memory in use before: 101.8 MB.
System memory in use after: 102.1 MB.

Unloading 15 unused Assets to reduce memory usage. Loaded Objects now: 2845.
Total: 1.975900 ms (FindLiveObjects: 0.198600 ms CreateObjectMapping: 0.068200 ms MarkObjects: 1.695300 ms  DeleteObjects: 0.013100 ms)

========================================================================
Received Prepare
Registering precompiled user dll's ...
Registered in 0.001372 seconds.
Begin MonoManager ReloadAssembly
Native extension for WindowsStandalone target not found
Refreshing native plugins compatible for Editor in 0.39 ms, found 3 plugins.
Preloading 0 native plugins for Editor in 0.00 ms.
Invoked RoslynAnalysisRunner static constructor.
RoslynAnalysisRunner will not be running.
RoslynAnalysisRunner has terminated.
Mono: successfully reloaded assembly
- Completed reload, in  0.686 seconds
Platform modules already initialized, skipping
Refreshing native plugins compatible for Editor in 0.30 ms, found 3 plugins.
Preloading 0 native plugins for Editor in 0.00 ms.
Unloading 2255 Unused Serialized files (Serialized files now loaded: 0)
System memory in use before: 101.9 MB.
System memory in use after: 102.1 MB.

Unloading 15 unused Assets to reduce memory usage. Loaded Objects now: 2848.
Total: 2.216000 ms (FindLiveObjects: 0.318200 ms CreateObjectMapping: 0.048700 ms MarkObjects: 1.833400 ms  DeleteObjects: 0.015000 ms)

========================================================================
Received Prepare
Registering precompiled user dll's ...
Registered in 0.001358 seconds.
Begin MonoManager ReloadAssembly
Native extension for WindowsStandalone target not found
Refreshing native plugins compatible for Editor in 0.39 ms, found 3 plugins.
Preloading 0 native plugins for Editor in 0.00 ms.
Invoked RoslynAnalysisRunner static constructor.
RoslynAnalysisRunner will not be running.
RoslynAnalysisRunner has terminated.
Mono: successfully reloaded assembly
- Completed reload, in  0.664 seconds
Platform modules already initialized, skipping
Refreshing native plugins compatible for Editor in 0.32 ms, found 3 plugins.
Preloading 0 native plugins for Editor in 0.00 ms.
Unloading 2255 Unused Serialized files (Serialized files now loaded: 0)
System memory in use before: 101.8 MB.
System memory in use after: 102.0 MB.

Unloading 15 unused Assets to reduce memory usage. Loaded Objects now: 2851.
Total: 1.817500 ms (FindLiveObjects: 0.179700 ms CreateObjectMapping: 0.069700 ms MarkObjects: 1.554900 ms  DeleteObjects: 0.012600 ms)

========================================================================
Received Prepare
Registering precompiled user dll's ...
Registered in 0.001408 seconds.
Begin MonoManager ReloadAssembly
Native extension for WindowsStandalone target not found
Refreshing native plugins compatible for Editor in 0.38 ms, found 3 plugins.
Preloading 0 native plugins for Editor in 0.00 ms.
Invoked RoslynAnalysisRunner static constructor.
RoslynAnalysisRunner will not be running.
RoslynAnalysisRunner has terminated.
Mono: successfully reloaded assembly
- Completed reload, in  0.675 seconds
Platform modules already initialized, skipping
Refreshing native plugins compatible for Editor in 0.35 ms, found 3 plugins.
Preloading 0 native plugins for Editor in 0.00 ms.
Unloading 2255 Unused Serialized files (Serialized files now loaded: 0)
System memory in use before: 101.9 MB.
System memory in use after: 102.1 MB.

Unloading 15 unused Assets to reduce memory usage. Loaded Objects now: 2854.
Total: 1.950500 ms (FindLiveObjects: 0.189500 ms CreateObjectMapping: 0.054200 ms MarkObjects: 1.693200 ms  DeleteObjects: 0.012900 ms)

========================================================================
Received Prepare
Registering precompiled user dll's ...
Registered in 0.001469 seconds.
Begin MonoManager ReloadAssembly
Native extension for WindowsStandalone target not found
Refreshing native plugins compatible for Editor in 0.44 ms, found 3 plugins.
Preloading 0 native plugins for Editor in 0.00 ms.
Invoked RoslynAnalysisRunner static constructor.
RoslynAnalysisRunner will not be running.
RoslynAnalysisRunner has terminated.
Mono: successfully reloaded assembly
- Completed reload, in  0.687 seconds
Platform modules already initialized, skipping
Refreshing native plugins compatible for Editor in 0.32 ms, found 3 plugins.
Preloading 0 native plugins for Editor in 0.00 ms.
Unloading 2255 Unused Serialized files (Serialized files now loaded: 0)
System memory in use before: 101.9 MB.
System memory in use after: 102.1 MB.

Unloading 15 unused Assets to reduce memory usage. Loaded Objects now: 2857.
Total: 2.353200 ms (FindLiveObjects: 0.356700 ms CreateObjectMapping: 0.071900 ms MarkObjects: 1.908200 ms  DeleteObjects: 0.015500 ms)

========================================================================
Received Import Request.
  Time since last request: 709.392019 seconds.
  path: Assets/Sprites/Inimigos
  artifactKey: Guid(0dc1fb12e0d89f5468e084eb49f3ef27) Importer(815301076,1909f56bfc062723c751e8b465ee728b)
Start importing Assets/Sprites/Inimigos using Guid(0dc1fb12e0d89f5468e084eb49f3ef27) Importer(815301076,1909f56bfc062723c751e8b465ee728b)  -> (artifact id: '7bf3c74e491322e3a2706f1cb4a10565') in 0.008208 seconds
  Import took 0.011184 seconds .

========================================================================
Received Import Request.
  Time since last request: 5.046616 seconds.
  path: Assets/Scripts/Inimigos/Projetil.cs
  artifactKey: Guid(3ec55d95320c1c4488ff966c97ada490) Importer(815301076,1909f56bfc062723c751e8b465ee728b)
Start importing Assets/Scripts/Inimigos/Projetil.cs using Guid(3ec55d95320c1c4488ff966c97ada490) Importer(815301076,1909f56bfc062723c751e8b465ee728b)  -> (artifact id: '114552a1c1b97bd1d9323f9842939263') in 0.003959 seconds
  Import took 0.006582 seconds .

========================================================================
Received Import Request.
  Time since last request: 63.275124 seconds.
  path: Assets/Scripts/Inimigos/AtiradorParado.cs
  artifactKey: Guid(f80ae4690f1107e46a3fed957040c888) Importer(815301076,1909f56bfc062723c751e8b465ee728b)
Start importing Assets/Scripts/Inimigos/AtiradorParado.cs using Guid(f80ae4690f1107e46a3fed957040c888) Importer(815301076,1909f56bfc062723c751e8b465ee728b)  -> (artifact id: '39c3ced56eba8cdadd01958d65dcde55') in 0.004793 seconds
  Import took 0.007505 seconds .

========================================================================
Received Prepare
Registering precompiled user dll's ...
Registered in 0.001641 seconds.
Begin MonoManager ReloadAssembly
Native extension for WindowsStandalone target not found
Refreshing native plugins compatible for Editor in 0.47 ms, found 3 plugins.
Preloading 0 native plugins for Editor in 0.00 ms.
Invoked RoslynAnalysisRunner static constructor.
RoslynAnalysisRunner will not be running.
RoslynAnalysisRunner has terminated.
Mono: successfully reloaded assembly
- Completed reload, in  0.730 seconds
Platform modules already initialized, skipping
Refreshing native plugins compatible for Editor in 0.36 ms, found 3 plugins.
Preloading 0 native plugins for Editor in 0.00 ms.
Unloading 2255 Unused Serialized files (Serialized files now loaded: 0)
System memory in use before: 101.9 MB.
System memory in use after: 102.1 MB.

Unloading 15 unused Assets to reduce memory usage. Loaded Objects now: 2860.
Total: 2.763400 ms (FindLiveObjects: 0.275800 ms CreateObjectMapping: 0.123000 ms MarkObjects: 2.348000 ms  DeleteObjects: 0.016100 ms)

========================================================================
Received Prepare
Registering precompiled user dll's ...
Registered in 0.001555 seconds.
Begin MonoManager ReloadAssembly
Native extension for WindowsStandalone target not found
Refreshing native plugins compatible for Editor in 0.44 ms, found 3 plugins.
Preloading 0 native plugins for Editor in 0.00 ms.
Invoked RoslynAnalysisRunner static constructor.
RoslynAnalysisRunner will not be running.
RoslynAnalysisRunner has terminated.
Mono: successfully reloaded assembly
- Completed reload, in  0.704 seconds
Platform modules already initialized, skipping
Refreshing native plugins compatible for Editor in 0.42 ms, found 3 plugins.
Preloading 0 native plugins for Editor in 0.00 ms.
Unloading 2255 Unused Serialized files (Serialized files now loaded: 0)
System memory in use before: 101.9 MB.
System memory in use after: 102.1 MB.

Unloading 15 unused Assets to reduce memory usage. Loaded Objects now: 2863.
Total: 2.412100 ms (FindLiveObjects: 0.332600 ms CreateObjectMapping: 0.068900 ms MarkObjects: 1.996700 ms  DeleteObjects: 0.013000 ms)

========================================================================
Received Prepare
Registering precompiled user dll's ...
Registered in 0.001427 seconds.
Begin MonoManager ReloadAssembly
Native extension for WindowsStandalone target not found
Refreshing native plugins compatible for Editor in 0.45 ms, found 3 plugins.
Preloading 0 native plugins for Editor in 0.00 ms.
Invoked RoslynAnalysisRunner static constructor.
RoslynAnalysisRunner will not be running.
RoslynAnalysisRunner has terminated.
Mono: successfully reloaded assembly
- Completed reload, in  0.724 seconds
Platform modules already initialized, skipping
Refreshing native plugins compatible for Editor in 0.39 ms, found 3 plugins.
Preloading 0 native plugins for Editor in 0.00 ms.
Unloading 2255 Unused Serialized files (Serialized files now loaded: 0)
System memory in use before: 101.8 MB.
System memory in use after: 102.0 MB.

Unloading 15 unused Assets to reduce memory usage. Loaded Objects now: 2866.
Total: 2.478200 ms (FindLiveObjects: 0.308900 ms CreateObjectMapping: 0.056100 ms MarkObjects: 2.098500 ms  DeleteObjects: 0.014000 ms)

========================================================================
Received Prepare
Registering precompiled user dll's ...
Registered in 0.001428 seconds.
Begin MonoManager ReloadAssembly
Native extension for WindowsStandalone target not found
Refreshing native plugins compatible for Editor in 0.44 ms, found 3 plugins.
Preloading 0 native plugins for Editor in 0.00 ms.
Invoked RoslynAnalysisRunner static constructor.
RoslynAnalysisRunner will not be running.
RoslynAnalysisRunner has terminated.
Mono: successfully reloaded assembly
- Completed reload, in  0.703 seconds
Platform modules already initialized, skipping
Refreshing native plugins compatible for Editor in 0.32 ms, found 3 plugins.
Preloading 0 native plugins for Editor in 0.00 ms.
Unloading 2255 Unused Serialized files (Serialized files now loaded: 0)
System memory in use before: 101.9 MB.
System memory in use after: 102.1 MB.

Unloading 15 unused Assets to reduce memory usage. Loaded Objects now: 2869.
Total: 2.627400 ms (FindLiveObjects: 0.328600 ms CreateObjectMapping: 0.177500 ms MarkObjects: 2.104500 ms  DeleteObjects: 0.016100 ms)

========================================================================
Received Prepare
Registering precompiled user dll's ...
Registered in 0.001706 seconds.
Begin MonoManager ReloadAssembly
Native extension for WindowsStandalone target not found
Refreshing native plugins compatible for Editor in 0.46 ms, found 3 plugins.
Preloading 0 native plugins for Editor in 0.00 ms.
Invoked RoslynAnalysisRunner static constructor.
RoslynAnalysisRunner will not be running.
RoslynAnalysisRunner has terminated.
Mono: successfully reloaded assembly
- Completed reload, in  0.696 seconds
Platform modules already initialized, skipping
Refreshing native plugins compatible for Editor in 0.40 ms, found 3 plugins.
Preloading 0 native plugins for Editor in 0.00 ms.
Unloading 2255 Unused Serialized files (Serialized files now loaded: 0)
System memory in use before: 101.9 MB.
System memory in use after: 102.1 MB.

Unloading 15 unused Assets to reduce memory usage. Loaded Objects now: 2872.
Total: 2.031200 ms (FindLiveObjects: 0.233800 ms CreateObjectMapping: 0.080900 ms MarkObjects: 1.701500 ms  DeleteObjects: 0.013900 ms)

========================================================================
Received Import Request.
  Time since last request: 638.881166 seconds.
  path: Assets/Sprites/Inimigos/Inimigo 2/Parado 50x80 .png
  artifactKey: Guid(c87610f6e61491847ac4a50c6887a3aa) Importer(815301076,1909f56bfc062723c751e8b465ee728b)
Start importing Assets/Sprites/Inimigos/Inimigo 2/Parado 50x80 .png using Guid(c87610f6e61491847ac4a50c6887a3aa) Importer(815301076,1909f56bfc062723c751e8b465ee728b)  -> (artifact id: '42af808cb64ec7fa4c02fdbf3250cb12') in 0.041510 seconds
  Import took 0.044355 seconds .

========================================================================
Received Import Request.
  Time since last request: 0.000115 seconds.
  path: Assets/Sprites/Inimigos/Inimigo 4/Parado 70x100 .png
  artifactKey: Guid(609188d26ca9dba4aa836c3951bd001b) Importer(815301076,1909f56bfc062723c751e8b465ee728b)
Start importing Assets/Sprites/Inimigos/Inimigo 4/Parado 70x100 .png using Guid(609188d26ca9dba4aa836c3951bd001b) Importer(815301076,1909f56bfc062723c751e8b465ee728b)  -> (artifact id: '47636bd277a9ac6764c20c7cb9595cea') in 0.013430 seconds
  Import took 0.015954 seconds .

========================================================================
Received Import Request.
  Time since last request: 0.000112 seconds.
  path: Assets/Sprites/Inimigos/Inimigo 3/Parado 140x140.png
  artifactKey: Guid(325c6ce2deb49c84e9c5e13ffe5d536b) Importer(815301076,1909f56bfc062723c751e8b465ee728b)
Start importing Assets/Sprites/Inimigos/Inimigo 3/Parado 140x140.png using Guid(325c6ce2deb49c84e9c5e13ffe5d536b) Importer(815301076,1909f56bfc062723c751e8b465ee728b)  -> (artifact id: '414e65c0ff53c6a69516deacf2abd982') in 0.014824 seconds
  Import took 0.017175 seconds .

========================================================================
Received Import Request.
  Time since last request: 672.609403 seconds.
  path: Assets/Musica/Musica_Derrota_Natal.mp3
  artifactKey: Guid(c578c8589a89b284db686afa2a5109d5) Importer(815301076,1909f56bfc062723c751e8b465ee728b)
Start importing Assets/Musica/Musica_Derrota_Natal.mp3 using Guid(c578c8589a89b284db686afa2a5109d5) Importer(815301076,1909f56bfc062723c751e8b465ee728b)  -> (artifact id: '5157f5a48b387cdcface18edaaaac1f7') in 0.044839 seconds
  Import took 0.048002 seconds .

========================================================================
Received Import Request.
  Time since last request: 0.000149 seconds.
  path: Assets/Musica/Musica_Jogando_Natal.mp3
  artifactKey: Guid(8cf49a914dde87b41aca46b4f0802e5a) Importer(815301076,1909f56bfc062723c751e8b465ee728b)
Start importing Assets/Musica/Musica_Jogando_Natal.mp3 using Guid(8cf49a914dde87b41aca46b4f0802e5a) Importer(815301076,1909f56bfc062723c751e8b465ee728b)  -> (artifact id: 'a49c1f3dba0c5c62b0086a173e644476') in 0.007467 seconds
  Import took 0.009864 seconds .

========================================================================
Received Import Request.
  Time since last request: 25.719890 seconds.
  path: Assets/Musica/Musica_Vitoria_Natal.mp3
  artifactKey: Guid(94e93788e6e5331449f790a401adf682) Importer(815301076,1909f56bfc062723c751e8b465ee728b)
Start importing Assets/Musica/Musica_Vitoria_Natal.mp3 using Guid(94e93788e6e5331449f790a401adf682) Importer(815301076,1909f56bfc062723c751e8b465ee728b)  -> (artifact id: 'd51e2ddd0c9955996504f5878aa6838f') in 0.004623 seconds
  Import took 0.020966 seconds .

========================================================================
Received Import Request.
  Time since last request: 0.002685 seconds.
  path: Assets/Musica/Musica_Vitoria_Natal.mp3
  artifactKey: Guid(94e93788e6e5331449f790a401adf682) Importer(815301076,1909f56bfc062723c751e8b465ee728b)
Start importing Assets/Musica/Musica_Vitoria_Natal.mp3 using Guid(94e93788e6e5331449f790a401adf682) Importer(815301076,1909f56bfc062723c751e8b465ee728b)  -> (artifact id: 'd51e2ddd0c9955996504f5878aa6838f') in 0.001456 seconds
  Import took 0.003387 seconds .

========================================================================
Received Import Request.
  Time since last request: 3.281128 seconds.
  path: Assets/Musica/Musica_Creditos_Natal.mp3
  artifactKey: Guid(851b77a191eaf184aa3ecd33e4d5f613) Importer(815301076,1909f56bfc062723c751e8b465ee728b)
Start importing Assets/Musica/Musica_Creditos_Natal.mp3 using Guid(851b77a191eaf184aa3ecd33e4d5f613) Importer(815301076,1909f56bfc062723c751e8b465ee728b)  -> (artifact id: '4aa865131a152256699bb9ed0028a00d') in 0.004336 seconds
  Import took 0.007059 seconds .

========================================================================
Received Import Request.
  Time since last request: 0.000454 seconds.
  path: Assets/Musica/Musica_Creditos_Natal.mp3
  artifactKey: Guid(851b77a191eaf184aa3ecd33e4d5f613) Importer(815301076,1909f56bfc062723c751e8b465ee728b)
Start importing Assets/Musica/Musica_Creditos_Natal.mp3 using Guid(851b77a191eaf184aa3ecd33e4d5f613) Importer(815301076,1909f56bfc062723c751e8b465ee728b)  -> (artifact id: '4aa865131a152256699bb9ed0028a00d') in 0.001269 seconds
  Import took 0.003060 seconds .

========================================================================
Received Import Request.
  Time since last request: 115.571384 seconds.
  path: Assets/Prefabs/MusicManagerCreditos.prefab
  artifactKey: Guid(b1431b8d7d04d12409dd425c96ba4962) Importer(815301076,1909f56bfc062723c751e8b465ee728b)
Start importing Assets/Prefabs/MusicManagerCreditos.prefab using Guid(b1431b8d7d04d12409dd425c96ba4962) Importer(815301076,1909f56bfc062723c751e8b465ee728b)  -> (artifact id: 'bda6b33450ad593ba6dc70e383976724') in 0.008802 seconds
  Import took 0.067615 seconds .

========================================================================
Received Import Request.
  Time since last request: 0.000122 seconds.
  path: Assets/Prefabs/MusicManagerDerrota.prefab
  artifactKey: Guid(4dbf80cb3ce380c4c828519de8d9e437) Importer(815301076,1909f56bfc062723c751e8b465ee728b)
Start importing Assets/Prefabs/MusicManagerDerrota.prefab using Guid(4dbf80cb3ce380c4c828519de8d9e437) Importer(815301076,1909f56bfc062723c751e8b465ee728b)  -> (artifact id: '88e46ce53e48ad41a721f36e94212912') in 0.005009 seconds
  Import took 0.007081 seconds .

========================================================================
Received Import Request.
  Time since last request: 0.000103 seconds.
  path: Assets/Prefabs/MusicManagerVitoria.prefab
  artifactKey: Guid(05be2d68827971d4b891508ad6b5b514) Importer(815301076,1909f56bfc062723c751e8b465ee728b)
Start importing Assets/Prefabs/MusicManagerVitoria.prefab using Guid(05be2d68827971d4b891508ad6b5b514) Importer(815301076,1909f56bfc062723c751e8b465ee728b)  -> (artifact id: '21d0576e40b5f5cbe00954ad54607b99') in 0.004167 seconds
  Import took 0.006098 seconds .

========================================================================
Received Import Request.
  Time since last request: 0.000086 seconds.
  path: Assets/Prefabs/MusicManagerFase1.prefab
  artifactKey: Guid(bc1952803589f294f9db029d32a1b97d) Importer(815301076,1909f56bfc062723c751e8b465ee728b)
Start importing Assets/Prefabs/MusicManagerFase1.prefab using Guid(bc1952803589f294f9db029d32a1b97d) Importer(815301076,1909f56bfc062723c751e8b465ee728b)  -> (artifact id: '667523d2ee8269212f0c62f523525466') in 0.004805 seconds
  Import took 0.006947 seconds .

========================================================================
Received Import Request.
  Time since last request: 226.923015 seconds.
  path: Assets/Musica/Upbeat Christmas Background Music For Videos Royalty Free - A Merry Christmas.mp3
  artifactKey: Guid(4667f7666bf6db747823afc5c2860f4f) Importer(815301076,1909f56bfc062723c751e8b465ee728b)
Start importing Assets/Musica/Upbeat Christmas Background Music For Videos Royalty Free - A Merry Christmas.mp3 using Guid(4667f7666bf6db747823afc5c2860f4f) Importer(815301076,1909f56bfc062723c751e8b465ee728b)  -> (artifact id: '00a0ed1d16d32389acc674a612dc4763') in 0.004262 seconds
  Import took 0.007291 seconds .

========================================================================
Received Import Request.
  Time since last request: 0.001597 seconds.
  path: Assets/Musica/Upbeat Christmas Background Music For Videos Royalty Free - A Merry Christmas.mp3
  artifactKey: Guid(4667f7666bf6db747823afc5c2860f4f) Importer(815301076,1909f56bfc062723c751e8b465ee728b)
Start importing Assets/Musica/Upbeat Christmas Background Music For Videos Royalty Free - A Merry Christmas.mp3 using Guid(4667f7666bf6db747823afc5c2860f4f) Importer(815301076,1909f56bfc062723c751e8b465ee728b)  -> (artifact id: '00a0ed1d16d32389acc674a612dc4763') in 0.001429 seconds
  Import took 0.003237 seconds .

========================================================================
Received Import Request.
  Time since last request: 7.059383 seconds.
  path: Assets/Musica/Christmas Music by Infraction Christmas Instrumental [No Copyright Music] [Free Download].mp3
  artifactKey: Guid(f135b943fce020947848a4a2979fb93c) Importer(815301076,1909f56bfc062723c751e8b465ee728b)
Start importing Assets/Musica/Christmas Music by Infraction Christmas Instrumental [No Copyright Music] [Free Download].mp3 using Guid(f135b943fce020947848a4a2979fb93c) Importer(815301076,1909f56bfc062723c751e8b465ee728b)  -> (artifact id: '1b11a6a4b587b609fc7615fd531ef7ed') in 0.004374 seconds
  Import took 0.032085 seconds .

AssetImportWorkerClient::OnTransportError - code=2 error=End of file
